0xFB010113
0x04112623
0x04812423
0x05010413
0xFE042623
0x0F80006F
0xFE042423
0x0D80006F
0xFEC42783
0x00179713
0xFE842783
0x00F70733
0xFB440793
0x00271713
0x00F707B3
0x0007A023
0xFE042223
0x0980006F
0xFEC42783
0x00179713
0xFE842783
0x00F70733
0xFB440793
0x00271713
0x00F707B3
0x0007A703
0xFEC42783
0x00179693
0xFE442783
0x00F686B3
0xFD440793
0x00269693
0x00F687B3
0x0007A683
0xFE442783
0x00179613
0xFE842783
0x00F60633
0xFC440793
0x00261613
0x00F607B3
0x0007A783
0x02F687B3
0x00F70733
0xFEC42783
0x00179693
0xFE842783
0x00F686B3
0xFB440793
0x00269693
0x00F687B3
0x00E7A023
0xFE442783
0x00178793
0xFEF42223
0xFE442703
0x00100793
0xF6E7D2E3
0xFE842783
0x00178793
0xFEF42423
0xFE842703
0x00100793
0xF2E7D2E3
0xFEC42783
0x00178793
0xFEF42623
0xFEC42703
0x00100793
0xF0E7D2E3
0x00100073
