At time:                30000

	Register           0: 00000000

	Register           1: 00000000

	Register           2: 00000000

	Register           3: 00000000

	Register           4: 00000000

	Register           5: 00000000

	Register           6: 00000000

	Register           7: 00000000

	Register           8: 00000000

	Register           9: 00000000

	Register          10: 00000000

	Register          11: 00000000

	Register          12: 00000000

	Register          13: 00000000

	Register          14: 00000000

	Register          15: 00000000

	Register          16: 00000000

	Register          17: 00000000

	Register          18: 00000000

	Register          19: 00000000

	Register          20: 00000000

	Register          21: 00000000

	Register          22: 00000000

	Register          23: 00000000

	Register          24: 00000000

	Register          25: 00000000

	Register          26: 00000000

	Register          27: 00000000

	Register          28: 00000000

	Register          29: 00000000

	Register          30: 00000000

	Register          31: 00000000

At time:                50000

	Register           0: 00000000

	Register           1: 00000000

	Register           2: 00000000

	Register           3: 00000000

	Register           4: 00000000

	Register           5: 00000000

	Register           6: 00000000

	Register           7: 00000000

	Register           8: 00000000

	Register           9: 00000000

	Register          10: 00000000

	Register          11: 00000000

	Register          12: 00000000

	Register          13: 00000000

	Register          14: 00000000

	Register          15: 00000000

	Register          16: 00000000

	Register          17: 00000000

	Register          18: 00000000

	Register          19: 00000000

	Register          20: 00000000

	Register          21: 00000000

	Register          22: 00000000

	Register          23: 00000000

	Register          24: 00000000

	Register          25: 00000000

	Register          26: 00000000

	Register          27: 00000000

	Register          28: 00000000

	Register          29: 00000000

	Register          30: 00000000

	Register          31: 00000000

At time:                70000

	Register           0: 00000000

	Register           1: 00000000

	Register           2: 00000000

	Register           3: 00000000

	Register           4: 00000000

	Register           5: 00000001

	Register           6: 00000000

	Register           7: 00000000

	Register           8: 00000000

	Register           9: 00000000

	Register          10: 00000000

	Register          11: 00000000

	Register          12: 00000000

	Register          13: 00000000

	Register          14: 00000000

	Register          15: 00000000

	Register          16: 00000000

	Register          17: 00000000

	Register          18: 00000000

	Register          19: 00000000

	Register          20: 00000000

	Register          21: 00000000

	Register          22: 00000000

	Register          23: 00000000

	Register          24: 00000000

	Register          25: 00000000

	Register          26: 00000000

	Register          27: 00000000

	Register          28: 00000000

	Register          29: 00000000

	Register          30: 00000000

	Register          31: 00000000

At time:                90000

	Register           0: 00000000

	Register           1: 00000000

	Register           2: 00000000

	Register           3: 00000000

	Register           4: 00000000

	Register           5: 00000001

	Register           6: 00000000

	Register           7: 00000000

	Register           8: 00000000

	Register           9: 00000000

	Register          10: 00000000

	Register          11: 00000000

	Register          12: 0000000a

	Register          13: 00000000

	Register          14: 00000000

	Register          15: 00000000

	Register          16: 00000000

	Register          17: 00000000

	Register          18: 00000000

	Register          19: 00000000

	Register          20: 00000000

	Register          21: 00000000

	Register          22: 00000000

	Register          23: 00000000

	Register          24: 00000000

	Register          25: 00000000

	Register          26: 00000000

	Register          27: 00000000

	Register          28: 00000000

	Register          29: 00000000

	Register          30: 00000000

	Register          31: 00000000

At time:               110000

	Register           0: 00000000

	Register           1: 00000000

	Register           2: 00000000

	Register           3: 00000000

	Register           4: 00000000

	Register           5: 00000001

	Register           6: 00000000

	Register           7: 00000000

	Register           8: 00000000

	Register           9: 00000000

	Register          10: 00000000

	Register          11: 00000000

	Register          12: 0000000a

	Register          13: 00000000

	Register          14: 00000000

	Register          15: 00000000

	Register          16: 00000000

	Register          17: 00000000

	Register          18: 00000000

	Register          19: 00000000

	Register          20: 00000000

	Register          21: 00000000

	Register          22: 00000000

	Register          23: 00000000

	Register          24: 00000000

	Register          25: 00000000

	Register          26: 00000000

	Register          27: 00000000

	Register          28: 00000000

	Register          29: 00000000

	Register          30: 00000000

	Register          31: 00000000

At time:               150000

	Register           0: 00000000

	Register           1: 00000000

	Register           2: 00000000

	Register           3: 00000000

	Register           4: 00000000

	Register           5: 00000001

	Register           6: 00000000

	Register           7: 00000000

	Register           8: 00000000

	Register           9: 00000000

	Register          10: 00000001

	Register          11: 00000000

	Register          12: 0000000a

	Register          13: 00000000

	Register          14: 00000000

	Register          15: 00000000

	Register          16: 00000000

	Register          17: 00000000

	Register          18: 00000000

	Register          19: 00000000

	Register          20: 00000000

	Register          21: 00000000

	Register          22: 00000000

	Register          23: 00000000

	Register          24: 00000000

	Register          25: 00000000

	Register          26: 00000000

	Register          27: 00000000

	Register          28: 00000000

	Register          29: 00000000

	Register          30: 00000000

	Register          31: 00000000

At time:               170000

	Register           0: 00000000

	Register           1: 00000000

	Register           2: 00000000

	Register           3: 00000000

	Register           4: 00000000

	Register           5: 00000002

	Register           6: 00000000

	Register           7: 00000000

	Register           8: 00000000

	Register           9: 00000000

	Register          10: 00000001

	Register          11: 00000000

	Register          12: 0000000a

	Register          13: 00000000

	Register          14: 00000000

	Register          15: 00000000

	Register          16: 00000000

	Register          17: 00000000

	Register          18: 00000000

	Register          19: 00000000

	Register          20: 00000000

	Register          21: 00000000

	Register          22: 00000000

	Register          23: 00000000

	Register          24: 00000000

	Register          25: 00000000

	Register          26: 00000000

	Register          27: 00000000

	Register          28: 00000000

	Register          29: 00000000

	Register          30: 00000000

	Register          31: 00000000

At time:               210000

	Register           0: 00000000

	Register           1: 00000000

	Register           2: 00000000

	Register           3: 00000000

	Register           4: 00000000

	Register           5: 00000002

	Register           6: 00000000

	Register           7: 00000004

	Register           8: 00000000

	Register           9: 00000000

	Register          10: 00000001

	Register          11: 00000000

	Register          12: 0000000a

	Register          13: 00000000

	Register          14: 00000000

	Register          15: 00000000

	Register          16: 00000000

	Register          17: 00000000

	Register          18: 00000000

	Register          19: 00000000

	Register          20: 00000000

	Register          21: 00000000

	Register          22: 00000000

	Register          23: 00000000

	Register          24: 00000000

	Register          25: 00000000

	Register          26: 00000000

	Register          27: 00000000

	Register          28: 00000000

	Register          29: 00000000

	Register          30: 00000000

	Register          31: 00000000

At time:               250000

	Register           0: 00000000

	Register           1: 00000000

	Register           2: 00000000

	Register           3: 00000000

	Register           4: 00000000

	Register           5: 00000002

	Register           6: 00000000

	Register           7: 00000004

	Register           8: 00000000

	Register           9: 00000000

	Register          10: 00000003

	Register          11: 00000000

	Register          12: 0000000a

	Register          13: 00000000

	Register          14: 00000000

	Register          15: 00000000

	Register          16: 00000000

	Register          17: 00000000

	Register          18: 00000000

	Register          19: 00000000

	Register          20: 00000000

	Register          21: 00000000

	Register          22: 00000000

	Register          23: 00000000

	Register          24: 00000000

	Register          25: 00000000

	Register          26: 00000000

	Register          27: 00000000

	Register          28: 00000000

	Register          29: 00000000

	Register          30: 00000000

	Register          31: 00000000

At time:               270000

	Register           0: 00000000

	Register           1: 00000000

	Register           2: 00000000

	Register           3: 00000000

	Register           4: 00000000

	Register           5: 00000003

	Register           6: 00000000

	Register           7: 00000004

	Register           8: 00000000

	Register           9: 00000000

	Register          10: 00000003

	Register          11: 00000000

	Register          12: 0000000a

	Register          13: 00000000

	Register          14: 00000000

	Register          15: 00000000

	Register          16: 00000000

	Register          17: 00000000

	Register          18: 00000000

	Register          19: 00000000

	Register          20: 00000000

	Register          21: 00000000

	Register          22: 00000000

	Register          23: 00000000

	Register          24: 00000000

	Register          25: 00000000

	Register          26: 00000000

	Register          27: 00000000

	Register          28: 00000000

	Register          29: 00000000

	Register          30: 00000000

	Register          31: 00000000

At time:               310000

	Register           0: 00000000

	Register           1: 00000000

	Register           2: 00000000

	Register           3: 00000000

	Register           4: 00000000

	Register           5: 00000003

	Register           6: 00000000

	Register           7: 00000008

	Register           8: 00000000

	Register           9: 00000000

	Register          10: 00000003

	Register          11: 00000000

	Register          12: 0000000a

	Register          13: 00000000

	Register          14: 00000000

	Register          15: 00000000

	Register          16: 00000000

	Register          17: 00000000

	Register          18: 00000000

	Register          19: 00000000

	Register          20: 00000000

	Register          21: 00000000

	Register          22: 00000000

	Register          23: 00000000

	Register          24: 00000000

	Register          25: 00000000

	Register          26: 00000000

	Register          27: 00000000

	Register          28: 00000000

	Register          29: 00000000

	Register          30: 00000000

	Register          31: 00000000

At time:               350000

	Register           0: 00000000

	Register           1: 00000000

	Register           2: 00000000

	Register           3: 00000000

	Register           4: 00000000

	Register           5: 00000003

	Register           6: 00000000

	Register           7: 00000008

	Register           8: 00000000

	Register           9: 00000000

	Register          10: 00000006

	Register          11: 00000000

	Register          12: 0000000a

	Register          13: 00000000

	Register          14: 00000000

	Register          15: 00000000

	Register          16: 00000000

	Register          17: 00000000

	Register          18: 00000000

	Register          19: 00000000

	Register          20: 00000000

	Register          21: 00000000

	Register          22: 00000000

	Register          23: 00000000

	Register          24: 00000000

	Register          25: 00000000

	Register          26: 00000000

	Register          27: 00000000

	Register          28: 00000000

	Register          29: 00000000

	Register          30: 00000000

	Register          31: 00000000

At time:               370000

	Register           0: 00000000

	Register           1: 00000000

	Register           2: 00000000

	Register           3: 00000000

	Register           4: 00000000

	Register           5: 00000004

	Register           6: 00000000

	Register           7: 00000008

	Register           8: 00000000

	Register           9: 00000000

	Register          10: 00000006

	Register          11: 00000000

	Register          12: 0000000a

	Register          13: 00000000

	Register          14: 00000000

	Register          15: 00000000

	Register          16: 00000000

	Register          17: 00000000

	Register          18: 00000000

	Register          19: 00000000

	Register          20: 00000000

	Register          21: 00000000

	Register          22: 00000000

	Register          23: 00000000

	Register          24: 00000000

	Register          25: 00000000

	Register          26: 00000000

	Register          27: 00000000

	Register          28: 00000000

	Register          29: 00000000

	Register          30: 00000000

	Register          31: 00000000

At time:               410000

	Register           0: 00000000

	Register           1: 00000000

	Register           2: 00000000

	Register           3: 00000000

	Register           4: 00000000

	Register           5: 00000004

	Register           6: 00000000

	Register           7: 0000000c

	Register           8: 00000000

	Register           9: 00000000

	Register          10: 00000006

	Register          11: 00000000

	Register          12: 0000000a

	Register          13: 00000000

	Register          14: 00000000

	Register          15: 00000000

	Register          16: 00000000

	Register          17: 00000000

	Register          18: 00000000

	Register          19: 00000000

	Register          20: 00000000

	Register          21: 00000000

	Register          22: 00000000

	Register          23: 00000000

	Register          24: 00000000

	Register          25: 00000000

	Register          26: 00000000

	Register          27: 00000000

	Register          28: 00000000

	Register          29: 00000000

	Register          30: 00000000

	Register          31: 00000000

At time:               450000

	Register           0: 00000000

	Register           1: 00000000

	Register           2: 00000000

	Register           3: 00000000

	Register           4: 00000000

	Register           5: 00000004

	Register           6: 00000000

	Register           7: 0000000c

	Register           8: 00000000

	Register           9: 00000000

	Register          10: 0000000a

	Register          11: 00000000

	Register          12: 0000000a

	Register          13: 00000000

	Register          14: 00000000

	Register          15: 00000000

	Register          16: 00000000

	Register          17: 00000000

	Register          18: 00000000

	Register          19: 00000000

	Register          20: 00000000

	Register          21: 00000000

	Register          22: 00000000

	Register          23: 00000000

	Register          24: 00000000

	Register          25: 00000000

	Register          26: 00000000

	Register          27: 00000000

	Register          28: 00000000

	Register          29: 00000000

	Register          30: 00000000

	Register          31: 00000000

At time:               470000

	Register           0: 00000000

	Register           1: 00000000

	Register           2: 00000000

	Register           3: 00000000

	Register           4: 00000000

	Register           5: 00000005

	Register           6: 00000000

	Register           7: 0000000c

	Register           8: 00000000

	Register           9: 00000000

	Register          10: 0000000a

	Register          11: 00000000

	Register          12: 0000000a

	Register          13: 00000000

	Register          14: 00000000

	Register          15: 00000000

	Register          16: 00000000

	Register          17: 00000000

	Register          18: 00000000

	Register          19: 00000000

	Register          20: 00000000

	Register          21: 00000000

	Register          22: 00000000

	Register          23: 00000000

	Register          24: 00000000

	Register          25: 00000000

	Register          26: 00000000

	Register          27: 00000000

	Register          28: 00000000

	Register          29: 00000000

	Register          30: 00000000

	Register          31: 00000000

At time:               510000

	Register           0: 00000000

	Register           1: 00000000

	Register           2: 00000000

	Register           3: 00000000

	Register           4: 00000000

	Register           5: 00000005

	Register           6: 00000000

	Register           7: 00000010

	Register           8: 00000000

	Register           9: 00000000

	Register          10: 0000000a

	Register          11: 00000000

	Register          12: 0000000a

	Register          13: 00000000

	Register          14: 00000000

	Register          15: 00000000

	Register          16: 00000000

	Register          17: 00000000

	Register          18: 00000000

	Register          19: 00000000

	Register          20: 00000000

	Register          21: 00000000

	Register          22: 00000000

	Register          23: 00000000

	Register          24: 00000000

	Register          25: 00000000

	Register          26: 00000000

	Register          27: 00000000

	Register          28: 00000000

	Register          29: 00000000

	Register          30: 00000000

	Register          31: 00000000

At time:               550000

	Register           0: 00000000

	Register           1: 00000000

	Register           2: 00000000

	Register           3: 00000000

	Register           4: 00000000

	Register           5: 00000005

	Register           6: 00000000

	Register           7: 00000010

	Register           8: 00000000

	Register           9: 00000000

	Register          10: 0000000f

	Register          11: 00000000

	Register          12: 0000000a

	Register          13: 00000000

	Register          14: 00000000

	Register          15: 00000000

	Register          16: 00000000

	Register          17: 00000000

	Register          18: 00000000

	Register          19: 00000000

	Register          20: 00000000

	Register          21: 00000000

	Register          22: 00000000

	Register          23: 00000000

	Register          24: 00000000

	Register          25: 00000000

	Register          26: 00000000

	Register          27: 00000000

	Register          28: 00000000

	Register          29: 00000000

	Register          30: 00000000

	Register          31: 00000000

At time:               570000

	Register           0: 00000000

	Register           1: 00000000

	Register           2: 00000000

	Register           3: 00000000

	Register           4: 00000000

	Register           5: 00000006

	Register           6: 00000000

	Register           7: 00000010

	Register           8: 00000000

	Register           9: 00000000

	Register          10: 0000000f

	Register          11: 00000000

	Register          12: 0000000a

	Register          13: 00000000

	Register          14: 00000000

	Register          15: 00000000

	Register          16: 00000000

	Register          17: 00000000

	Register          18: 00000000

	Register          19: 00000000

	Register          20: 00000000

	Register          21: 00000000

	Register          22: 00000000

	Register          23: 00000000

	Register          24: 00000000

	Register          25: 00000000

	Register          26: 00000000

	Register          27: 00000000

	Register          28: 00000000

	Register          29: 00000000

	Register          30: 00000000

	Register          31: 00000000

At time:               610000

	Register           0: 00000000

	Register           1: 00000000

	Register           2: 00000000

	Register           3: 00000000

	Register           4: 00000000

	Register           5: 00000006

	Register           6: 00000000

	Register           7: 00000014

	Register           8: 00000000

	Register           9: 00000000

	Register          10: 0000000f

	Register          11: 00000000

	Register          12: 0000000a

	Register          13: 00000000

	Register          14: 00000000

	Register          15: 00000000

	Register          16: 00000000

	Register          17: 00000000

	Register          18: 00000000

	Register          19: 00000000

	Register          20: 00000000

	Register          21: 00000000

	Register          22: 00000000

	Register          23: 00000000

	Register          24: 00000000

	Register          25: 00000000

	Register          26: 00000000

	Register          27: 00000000

	Register          28: 00000000

	Register          29: 00000000

	Register          30: 00000000

	Register          31: 00000000

At time:               650000

	Register           0: 00000000

	Register           1: 00000000

	Register           2: 00000000

	Register           3: 00000000

	Register           4: 00000000

	Register           5: 00000006

	Register           6: 00000000

	Register           7: 00000014

	Register           8: 00000000

	Register           9: 00000000

	Register          10: 00000015

	Register          11: 00000000

	Register          12: 0000000a

	Register          13: 00000000

	Register          14: 00000000

	Register          15: 00000000

	Register          16: 00000000

	Register          17: 00000000

	Register          18: 00000000

	Register          19: 00000000

	Register          20: 00000000

	Register          21: 00000000

	Register          22: 00000000

	Register          23: 00000000

	Register          24: 00000000

	Register          25: 00000000

	Register          26: 00000000

	Register          27: 00000000

	Register          28: 00000000

	Register          29: 00000000

	Register          30: 00000000

	Register          31: 00000000

At time:               670000

	Register           0: 00000000

	Register           1: 00000000

	Register           2: 00000000

	Register           3: 00000000

	Register           4: 00000000

	Register           5: 00000007

	Register           6: 00000000

	Register           7: 00000014

	Register           8: 00000000

	Register           9: 00000000

	Register          10: 00000015

	Register          11: 00000000

	Register          12: 0000000a

	Register          13: 00000000

	Register          14: 00000000

	Register          15: 00000000

	Register          16: 00000000

	Register          17: 00000000

	Register          18: 00000000

	Register          19: 00000000

	Register          20: 00000000

	Register          21: 00000000

	Register          22: 00000000

	Register          23: 00000000

	Register          24: 00000000

	Register          25: 00000000

	Register          26: 00000000

	Register          27: 00000000

	Register          28: 00000000

	Register          29: 00000000

	Register          30: 00000000

	Register          31: 00000000

At time:               710000

	Register           0: 00000000

	Register           1: 00000000

	Register           2: 00000000

	Register           3: 00000000

	Register           4: 00000000

	Register           5: 00000007

	Register           6: 00000000

	Register           7: 00000018

	Register           8: 00000000

	Register           9: 00000000

	Register          10: 00000015

	Register          11: 00000000

	Register          12: 0000000a

	Register          13: 00000000

	Register          14: 00000000

	Register          15: 00000000

	Register          16: 00000000

	Register          17: 00000000

	Register          18: 00000000

	Register          19: 00000000

	Register          20: 00000000

	Register          21: 00000000

	Register          22: 00000000

	Register          23: 00000000

	Register          24: 00000000

	Register          25: 00000000

	Register          26: 00000000

	Register          27: 00000000

	Register          28: 00000000

	Register          29: 00000000

	Register          30: 00000000

	Register          31: 00000000

At time:               750000

	Register           0: 00000000

	Register           1: 00000000

	Register           2: 00000000

	Register           3: 00000000

	Register           4: 00000000

	Register           5: 00000007

	Register           6: 00000000

	Register           7: 00000018

	Register           8: 00000000

	Register           9: 00000000

	Register          10: 0000001c

	Register          11: 00000000

	Register          12: 0000000a

	Register          13: 00000000

	Register          14: 00000000

	Register          15: 00000000

	Register          16: 00000000

	Register          17: 00000000

	Register          18: 00000000

	Register          19: 00000000

	Register          20: 00000000

	Register          21: 00000000

	Register          22: 00000000

	Register          23: 00000000

	Register          24: 00000000

	Register          25: 00000000

	Register          26: 00000000

	Register          27: 00000000

	Register          28: 00000000

	Register          29: 00000000

	Register          30: 00000000

	Register          31: 00000000

At time:               770000

	Register           0: 00000000

	Register           1: 00000000

	Register           2: 00000000

	Register           3: 00000000

	Register           4: 00000000

	Register           5: 00000008

	Register           6: 00000000

	Register           7: 00000018

	Register           8: 00000000

	Register           9: 00000000

	Register          10: 0000001c

	Register          11: 00000000

	Register          12: 0000000a

	Register          13: 00000000

	Register          14: 00000000

	Register          15: 00000000

	Register          16: 00000000

	Register          17: 00000000

	Register          18: 00000000

	Register          19: 00000000

	Register          20: 00000000

	Register          21: 00000000

	Register          22: 00000000

	Register          23: 00000000

	Register          24: 00000000

	Register          25: 00000000

	Register          26: 00000000

	Register          27: 00000000

	Register          28: 00000000

	Register          29: 00000000

	Register          30: 00000000

	Register          31: 00000000

At time:               810000

	Register           0: 00000000

	Register           1: 00000000

	Register           2: 00000000

	Register           3: 00000000

	Register           4: 00000000

	Register           5: 00000008

	Register           6: 00000000

	Register           7: 0000001c

	Register           8: 00000000

	Register           9: 00000000

	Register          10: 0000001c

	Register          11: 00000000

	Register          12: 0000000a

	Register          13: 00000000

	Register          14: 00000000

	Register          15: 00000000

	Register          16: 00000000

	Register          17: 00000000

	Register          18: 00000000

	Register          19: 00000000

	Register          20: 00000000

	Register          21: 00000000

	Register          22: 00000000

	Register          23: 00000000

	Register          24: 00000000

	Register          25: 00000000

	Register          26: 00000000

	Register          27: 00000000

	Register          28: 00000000

	Register          29: 00000000

	Register          30: 00000000

	Register          31: 00000000

At time:               850000

	Register           0: 00000000

	Register           1: 00000000

	Register           2: 00000000

	Register           3: 00000000

	Register           4: 00000000

	Register           5: 00000008

	Register           6: 00000000

	Register           7: 0000001c

	Register           8: 00000000

	Register           9: 00000000

	Register          10: 00000024

	Register          11: 00000000

	Register          12: 0000000a

	Register          13: 00000000

	Register          14: 00000000

	Register          15: 00000000

	Register          16: 00000000

	Register          17: 00000000

	Register          18: 00000000

	Register          19: 00000000

	Register          20: 00000000

	Register          21: 00000000

	Register          22: 00000000

	Register          23: 00000000

	Register          24: 00000000

	Register          25: 00000000

	Register          26: 00000000

	Register          27: 00000000

	Register          28: 00000000

	Register          29: 00000000

	Register          30: 00000000

	Register          31: 00000000

At time:               870000

	Register           0: 00000000

	Register           1: 00000000

	Register           2: 00000000

	Register           3: 00000000

	Register           4: 00000000

	Register           5: 00000009

	Register           6: 00000000

	Register           7: 0000001c

	Register           8: 00000000

	Register           9: 00000000

	Register          10: 00000024

	Register          11: 00000000

	Register          12: 0000000a

	Register          13: 00000000

	Register          14: 00000000

	Register          15: 00000000

	Register          16: 00000000

	Register          17: 00000000

	Register          18: 00000000

	Register          19: 00000000

	Register          20: 00000000

	Register          21: 00000000

	Register          22: 00000000

	Register          23: 00000000

	Register          24: 00000000

	Register          25: 00000000

	Register          26: 00000000

	Register          27: 00000000

	Register          28: 00000000

	Register          29: 00000000

	Register          30: 00000000

	Register          31: 00000000

At time:               910000

	Register           0: 00000000

	Register           1: 00000000

	Register           2: 00000000

	Register           3: 00000000

	Register           4: 00000000

	Register           5: 00000009

	Register           6: 00000000

	Register           7: 00000020

	Register           8: 00000000

	Register           9: 00000000

	Register          10: 00000024

	Register          11: 00000000

	Register          12: 0000000a

	Register          13: 00000000

	Register          14: 00000000

	Register          15: 00000000

	Register          16: 00000000

	Register          17: 00000000

	Register          18: 00000000

	Register          19: 00000000

	Register          20: 00000000

	Register          21: 00000000

	Register          22: 00000000

	Register          23: 00000000

	Register          24: 00000000

	Register          25: 00000000

	Register          26: 00000000

	Register          27: 00000000

	Register          28: 00000000

	Register          29: 00000000

	Register          30: 00000000

	Register          31: 00000000

At time:               950000

	Register           0: 00000000

	Register           1: 00000000

	Register           2: 00000000

	Register           3: 00000000

	Register           4: 00000000

	Register           5: 00000009

	Register           6: 00000000

	Register           7: 00000020

	Register           8: 00000000

	Register           9: 00000000

	Register          10: 0000002d

	Register          11: 00000000

	Register          12: 0000000a

	Register          13: 00000000

	Register          14: 00000000

	Register          15: 00000000

	Register          16: 00000000

	Register          17: 00000000

	Register          18: 00000000

	Register          19: 00000000

	Register          20: 00000000

	Register          21: 00000000

	Register          22: 00000000

	Register          23: 00000000

	Register          24: 00000000

	Register          25: 00000000

	Register          26: 00000000

	Register          27: 00000000

	Register          28: 00000000

	Register          29: 00000000

	Register          30: 00000000

	Register          31: 00000000

At time:               970000

	Register           0: 00000000

	Register           1: 00000000

	Register           2: 00000000

	Register           3: 00000000

	Register           4: 00000000

	Register           5: 0000000a

	Register           6: 00000000

	Register           7: 00000020

	Register           8: 00000000

	Register           9: 00000000

	Register          10: 0000002d

	Register          11: 00000000

	Register          12: 0000000a

	Register          13: 00000000

	Register          14: 00000000

	Register          15: 00000000

	Register          16: 00000000

	Register          17: 00000000

	Register          18: 00000000

	Register          19: 00000000

	Register          20: 00000000

	Register          21: 00000000

	Register          22: 00000000

	Register          23: 00000000

	Register          24: 00000000

	Register          25: 00000000

	Register          26: 00000000

	Register          27: 00000000

	Register          28: 00000000

	Register          29: 00000000

	Register          30: 00000000

	Register          31: 00000000

At time:              1010000

	Register           0: 00000000

	Register           1: 00000000

	Register           2: 00000000

	Register           3: 00000000

	Register           4: 00000000

	Register           5: 0000000a

	Register           6: 00000000

	Register           7: 00000024

	Register           8: 00000000

	Register           9: 00000000

	Register          10: 0000002d

	Register          11: 00000000

	Register          12: 0000000a

	Register          13: 00000000

	Register          14: 00000000

	Register          15: 00000000

	Register          16: 00000000

	Register          17: 00000000

	Register          18: 00000000

	Register          19: 00000000

	Register          20: 00000000

	Register          21: 00000000

	Register          22: 00000000

	Register          23: 00000000

	Register          24: 00000000

	Register          25: 00000000

	Register          26: 00000000

	Register          27: 00000000

	Register          28: 00000000

	Register          29: 00000000

	Register          30: 00000000

	Register          31: 00000000

