#-----------------------------------------------------------
# Vivado v2014.4 (64-bit)
# SW Build 1071353 on Tue Nov 18 16:47:07 MST 2014
# IP Build 1070531 on Tue Nov 18 01:10:18 MST 2014
# Start of session at: Wed Jul 26 02:14:47 2023
# Process ID: 11076
# Log file: /home/ishita/Documents/minor_project/Minor-Project-2023-RISC-V-processor/vivado.log
# Journal file: /home/ishita/Documents/minor_project/Minor-Project-2023-RISC-V-processor/vivado.jou
#-----------------------------------------------------------
start_gui
open_project /home/ishita/Documents/minor_project/full_riscv/full_riscv.xpr
Scanning sources...
Finished scanning sources
INFO: [IP_Flow 19-234] Refreshing IP repositories
INFO: [IP_Flow 19-1704] No user IP repositories specified
INFO: [IP_Flow 19-2313] Loaded Vivado IP repository '/opt/Xilinx/Vivado/2014.4/data/ip'.
open_project: Time (s): cpu = 00:00:21 ; elapsed = 00:00:06 . Memory (MB): peak = 5730.723 ; gain = 108.125 ; free physical = 428 ; free virtual = 2812
update_compile_order -fileset sources_1
remove_files {{/home/ishita/Documents/minor_project/Minor-Project-2023-RISC-V-processor/Final RISC-V Processor/Unpipelined/design/processor_unpipelined.v}}
update_compile_order -fileset sources_1
update_compile_order -fileset sources_1
update_compile_order -fileset sim_1
update_compile_order -fileset sources_1
remove_files {{/home/ishita/Documents/minor_project/Minor-Project-2023-RISC-V-processor/Final RISC-V Processor/Unpipelined/design/top_module.v}}
update_compile_order -fileset sources_1
update_compile_order -fileset sources_1
update_compile_order -fileset sim_1
update_compile_order -fileset sources_1
remove_files {{/home/ishita/Documents/minor_project/Minor-Project-2023-RISC-V-processor/Final RISC-V Processor/Unpipelined/design/core.v}}
update_compile_order -fileset sources_1
update_compile_order -fileset sources_1
update_compile_order -fileset sim_1
update_compile_order -fileset sources_1
close_project
create_project RISCV-unpipeline /home/ishita/Documents/minor_project/Minor-Project-2023-RISC-V-processor/RISCV-unpipeline -part xc7vx485tffg1157-1
INFO: [IP_Flow 19-234] Refreshing IP repositories
INFO: [IP_Flow 19-1704] No user IP repositories specified
INFO: [IP_Flow 19-2313] Loaded Vivado IP repository '/opt/Xilinx/Vivado/2014.4/data/ip'.
add_files -norecurse {{/home/ishita/Documents/minor_project/Minor-Project-2023-RISC-V-processor/Final RISC-V Processor/Unpipelined/design/WB.v} {/home/ishita/Documents/minor_project/Minor-Project-2023-RISC-V-processor/Final RISC-V Processor/Unpipelined/design/alu.v} {/home/ishita/Documents/minor_project/Minor-Project-2023-RISC-V-processor/Final RISC-V Processor/Unpipelined/design/instr_fetch.v} {/home/ishita/Documents/minor_project/Minor-Project-2023-RISC-V-processor/Final RISC-V Processor/Unpipelined/design/ID.v} {/home/ishita/Documents/minor_project/Minor-Project-2023-RISC-V-processor/Final RISC-V Processor/Unpipelined/design/PC_Src.v} {/home/ishita/Documents/minor_project/Minor-Project-2023-RISC-V-processor/Final RISC-V Processor/Unpipelined/design/core.v} {/home/ishita/Documents/minor_project/Minor-Project-2023-RISC-V-processor/Final RISC-V Processor/Unpipelined/design/IF.v} {/home/ishita/Documents/minor_project/Minor-Project-2023-RISC-V-processor/Final RISC-V Processor/Unpipelined/design/MEM.v} {/home/ishita/Documents/minor_project/Minor-Project-2023-RISC-V-processor/Final RISC-V Processor/Unpipelined/design/imm_gen.v} {/home/ishita/Documents/minor_project/Minor-Project-2023-RISC-V-processor/Final RISC-V Processor/Unpipelined/design/store_whb.v} {/home/ishita/Documents/minor_project/Minor-Project-2023-RISC-V-processor/Final RISC-V Processor/Unpipelined/design/EX.v} {/home/ishita/Documents/minor_project/Minor-Project-2023-RISC-V-processor/Final RISC-V Processor/Unpipelined/design/processor_unpipelined.v} {/home/ishita/Documents/minor_project/Minor-Project-2023-RISC-V-processor/Final RISC-V Processor/Unpipelined/design/instr_mem.v} {/home/ishita/Documents/minor_project/Minor-Project-2023-RISC-V-processor/Final RISC-V Processor/Unpipelined/design/control_unit.v} {/home/ishita/Documents/minor_project/Minor-Project-2023-RISC-V-processor/Final RISC-V Processor/Unpipelined/design/signext.v} {/home/ishita/Documents/minor_project/Minor-Project-2023-RISC-V-processor/Final RISC-V Processor/Unpipelined/design/top_module.v} {/home/ishita/Documents/minor_project/Minor-Project-2023-RISC-V-processor/Final RISC-V Processor/Unpipelined/design/data_mem.v} {/home/ishita/Documents/minor_project/Minor-Project-2023-RISC-V-processor/Final RISC-V Processor/Unpipelined/design/reg_file.v}}
update_compile_order -fileset sources_1
update_compile_order -fileset sources_1
update_compile_order -fileset sim_1
update_compile_order -fileset sources_1
remove_files {{/home/ishita/Documents/minor_project/Minor-Project-2023-RISC-V-processor/Final RISC-V Processor/Unpipelined/design/processor_unpipelined.v}}
update_compile_order -fileset sources_1
update_compile_order -fileset sources_1
update_compile_order -fileset sim_1
update_compile_order -fileset sources_1
remove_files {{/home/ishita/Documents/minor_project/Minor-Project-2023-RISC-V-processor/Final RISC-V Processor/Unpipelined/design/top_module.v}}
update_compile_order -fileset sources_1
update_compile_order -fileset sources_1
update_compile_order -fileset sim_1
update_compile_order -fileset sources_1
remove_files {{/home/ishita/Documents/minor_project/Minor-Project-2023-RISC-V-processor/Final RISC-V Processor/Unpipelined/design/core.v}}
update_compile_order -fileset sources_1
update_compile_order -fileset sources_1
update_compile_order -fileset sim_1
update_compile_order -fileset sources_1
remove_files {{/home/ishita/Documents/minor_project/Minor-Project-2023-RISC-V-processor/Final RISC-V Processor/Unpipelined/design/ID.v}}
update_compile_order -fileset sources_1
update_compile_order -fileset sources_1
update_compile_order -fileset sim_1
update_compile_order -fileset sources_1
close_project
open_project /home/ishita/Documents/minor_project/full_riscv/full_riscv.xpr
Scanning sources...
Finished scanning sources
INFO: [IP_Flow 19-234] Refreshing IP repositories
INFO: [IP_Flow 19-1704] No user IP repositories specified
INFO: [IP_Flow 19-2313] Loaded Vivado IP repository '/opt/Xilinx/Vivado/2014.4/data/ip'.
update_compile_order -fileset sources_1
exit
INFO: [Common 17-206] Exiting Vivado at Wed Jul 26 02:58:59 2023...
