#-----------------------------------------------------------
# Vivado v2014.4 (64-bit)
# SW Build 1071353 on Tue Nov 18 16:47:07 MST 2014
# IP Build 1070531 on Tue Nov 18 01:10:18 MST 2014
# Start of session at: Wed Jul 26 16:28:34 2023
# Process ID: 20230
# Log file: /home/ishita/Documents/minor_project/final_minor_project/vivado.log
# Journal file: /home/ishita/Documents/minor_project/final_minor_project/vivado.jou
#-----------------------------------------------------------
start_gui
open_project /home/ishita/Documents/minor_project/full_riscv/full_riscv.xpr
Scanning sources...
Finished scanning sources
INFO: [IP_Flow 19-234] Refreshing IP repositories
INFO: [IP_Flow 19-1704] No user IP repositories specified
INFO: [IP_Flow 19-2313] Loaded Vivado IP repository '/opt/Xilinx/Vivado/2014.4/data/ip'.
open_project: Time (s): cpu = 00:00:21 ; elapsed = 00:00:06 . Memory (MB): peak = 5735.008 ; gain = 95.531 ; free physical = 126 ; free virtual = 2959
update_compile_order -fileset sources_1
exit
INFO: [Common 17-206] Exiting Vivado at Wed Jul 26 16:30:18 2023...
